This is pdfTeX, Version 3.14159265-2.6-1.40.17 (TeX Live 2016) (preloaded format=pdflatex 2017.3.12)  21 MAR 2017 23:18
entering extended mode
 restricted \write18 enabled.
 file:line:error style messages enabled.
 %&-line parsing enabled.
**"Final Research Proposal.tex"
(./Final Research Proposal.tex
LaTeX2e <2016/03/31>
Babel <3.9r> and hyphenation patterns for 83 language(s) loaded.
(/usr/local/texlive/2016/texmf-dist/tex/latex/IEEEconf/IEEEconf.cls
Document Class: IEEEconf 2009/04/05 v1.4 IEEE Computer Society 8.5x11" conferen
ce proceedings
(/usr/local/texlive/2016/texmf-dist/tex/latex/base/article.cls
Document Class: article 2014/09/29 v1.4h Standard LaTeX document class
(/usr/local/texlive/2016/texmf-dist/tex/latex/base/size10.clo
File: size10.clo 2014/09/29 v1.4h Standard LaTeX file (size option)
)
\c@part=\count79
\c@section=\count80
\c@subsection=\count81
\c@subsubsection=\count82
\c@paragraph=\count83
\c@subparagraph=\count84
\c@figure=\count85
\c@table=\count86
\abovecaptionskip=\skip41
\belowcaptionskip=\skip42
\bibindent=\dimen102
)
(/usr/local/texlive/2016/texmf-dist/tex/latex/geometry/geometry.sty
Package: geometry 2010/09/12 v5.6 Page Geometry

(/usr/local/texlive/2016/texmf-dist/tex/latex/graphics/keyval.sty
Package: keyval 2014/10/28 v1.15 key=value parser (DPC)
\KV@toks@=\toks14
)
(/usr/local/texlive/2016/texmf-dist/tex/generic/oberdiek/ifpdf.sty
Package: ifpdf 2016/05/14 v3.1 Provides the ifpdf switch
)
(/usr/local/texlive/2016/texmf-dist/tex/generic/oberdiek/ifvtex.sty
Package: ifvtex 2016/05/16 v1.6 Detect VTeX and its facilities (HO)
Package ifvtex Info: VTeX not detected.
)
(/usr/local/texlive/2016/texmf-dist/tex/generic/ifxetex/ifxetex.sty
Package: ifxetex 2010/09/12 v0.6 Provides ifxetex conditional
)
\Gm@cnth=\count87
\Gm@cntv=\count88
\c@Gm@tempcnt=\count89
\Gm@bindingoffset=\dimen103
\Gm@wd@mp=\dimen104
\Gm@odd@mp=\dimen105
\Gm@even@mp=\dimen106
\Gm@layoutwidth=\dimen107
\Gm@layoutheight=\dimen108
\Gm@layouthoffset=\dimen109
\Gm@layoutvoffset=\dimen110
\Gm@dimlist=\toks15
)
(/usr/local/texlive/2016/texmf-dist/tex/latex/psnfss/mathptmx.sty
Package: mathptmx 2005/04/12 PSNFSS-v9.2a Times w/ Math, improved (SPQR, WaS) 
LaTeX Font Info:    Redeclaring symbol font `operators' on input line 28.
LaTeX Font Info:    Overwriting symbol font `operators' in version `normal'
(Font)                  OT1/cmr/m/n --> OT1/ztmcm/m/n on input line 28.
LaTeX Font Info:    Overwriting symbol font `operators' in version `bold'
(Font)                  OT1/cmr/bx/n --> OT1/ztmcm/m/n on input line 28.
LaTeX Font Info:    Redeclaring symbol font `letters' on input line 29.
LaTeX Font Info:    Overwriting symbol font `letters' in version `normal'
(Font)                  OML/cmm/m/it --> OML/ztmcm/m/it on input line 29.
LaTeX Font Info:    Overwriting symbol font `letters' in version `bold'
(Font)                  OML/cmm/b/it --> OML/ztmcm/m/it on input line 29.
LaTeX Font Info:    Redeclaring symbol font `symbols' on input line 30.
LaTeX Font Info:    Overwriting symbol font `symbols' in version `normal'
(Font)                  OMS/cmsy/m/n --> OMS/ztmcm/m/n on input line 30.
LaTeX Font Info:    Overwriting symbol font `symbols' in version `bold'
(Font)                  OMS/cmsy/b/n --> OMS/ztmcm/m/n on input line 30.
LaTeX Font Info:    Redeclaring symbol font `largesymbols' on input line 31.
LaTeX Font Info:    Overwriting symbol font `largesymbols' in version `normal'
(Font)                  OMX/cmex/m/n --> OMX/ztmcm/m/n on input line 31.
LaTeX Font Info:    Overwriting symbol font `largesymbols' in version `bold'
(Font)                  OMX/cmex/m/n --> OMX/ztmcm/m/n on input line 31.
\symbold=\mathgroup4
\symitalic=\mathgroup5
LaTeX Font Info:    Redeclaring math alphabet \mathbf on input line 34.
LaTeX Font Info:    Overwriting math alphabet `\mathbf' in version `normal'
(Font)                  OT1/cmr/bx/n --> OT1/ptm/bx/n on input line 34.
LaTeX Font Info:    Overwriting math alphabet `\mathbf' in version `bold'
(Font)                  OT1/cmr/bx/n --> OT1/ptm/bx/n on input line 34.
LaTeX Font Info:    Redeclaring math alphabet \mathit on input line 35.
LaTeX Font Info:    Overwriting math alphabet `\mathit' in version `normal'
(Font)                  OT1/cmr/m/it --> OT1/ptm/m/it on input line 35.
LaTeX Font Info:    Overwriting math alphabet `\mathit' in version `bold'
(Font)                  OT1/cmr/bx/it --> OT1/ptm/m/it on input line 35.
LaTeX Info: Redefining \hbar on input line 50.
)
(/usr/local/texlive/2016/texmf-dist/tex/latex/psnfss/helvet.sty
Package: helvet 2005/04/12 PSNFSS-v9.2a (WaS) 
)
(/usr/local/texlive/2016/texmf-dist/tex/latex/psnfss/courier.sty
Package: courier 2005/04/12 PSNFSS-v9.2a (WaS) 
)
(/usr/local/texlive/2016/texmf-dist/tex/latex/tools/array.sty
Package: array 2014/10/28 v2.4c Tabular extension package (FMi)
\col@sep=\dimen111
\extrarowheight=\dimen112
\NC@list=\toks16
\extratabsurround=\skip43
\backup@length=\skip44
)
\ieee@author@width=\skip45

(/usr/local/texlive/2016/texmf-dist/tex/latex/titlesec/titlesec.sty
Package: titlesec 2016/03/21 v2.10.2 Sectioning titles
\ttl@box=\box26
\beforetitleunit=\skip46
\aftertitleunit=\skip47
\ttl@plus=\dimen113
\ttl@minus=\dimen114
\ttl@toksa=\toks17
\titlewidth=\dimen115
\titlewidthlast=\dimen116
\titlewidthfirst=\dimen117
))
(/usr/local/texlive/2016/texmf-dist/tex/latex/tools/verbatim.sty
Package: verbatim 2014/10/28 v1.5q LaTeX2e package for verbatim enhancements
\every@verbatim=\toks18
\verbatim@line=\toks19
\verbatim@in@stream=\read1
)
(/usr/local/texlive/2016/texmf-dist/tex/latex/graphics/graphicx.sty
Package: graphicx 2014/10/28 v1.0g Enhanced LaTeX Graphics (DPC,SPQR)

(/usr/local/texlive/2016/texmf-dist/tex/latex/graphics/graphics.sty
Package: graphics 2016/05/09 v1.0r Standard LaTeX Graphics (DPC,SPQR)

(/usr/local/texlive/2016/texmf-dist/tex/latex/graphics/trig.sty
Package: trig 2016/01/03 v1.10 sin cos tan (DPC)
)
(/usr/local/texlive/2016/texmf-dist/tex/latex/graphics-cfg/graphics.cfg
File: graphics.cfg 2016/01/02 v1.10 sample graphics configuration
)
Package graphics Info: Driver file: pdftex.def on input line 96.

(/usr/local/texlive/2016/texmf-dist/tex/latex/pdftex-def/pdftex.def
File: pdftex.def 2011/05/27 v0.06d Graphics/color for pdfTeX

(/usr/local/texlive/2016/texmf-dist/tex/generic/oberdiek/infwarerr.sty
Package: infwarerr 2016/05/16 v1.4 Providing info/warning/error messages (HO)
)
(/usr/local/texlive/2016/texmf-dist/tex/generic/oberdiek/ltxcmds.sty
Package: ltxcmds 2016/05/16 v1.23 LaTeX kernel commands for general use (HO)
)
\Gread@gobject=\count90
))
\Gin@req@height=\dimen118
\Gin@req@width=\dimen119
)
(/usr/local/texlive/2016/texmf-dist/tex/latex/pdfpages/pdfpages.sty
Package: pdfpages 2016/04/19 v0.5f Insert pages of external PDF documents (AM)

(/usr/local/texlive/2016/texmf-dist/tex/latex/base/ifthen.sty
Package: ifthen 2014/09/29 v1.1c Standard LaTeX ifthen package (DPC)
)
(/usr/local/texlive/2016/texmf-dist/tex/latex/tools/calc.sty
Package: calc 2014/10/28 v4.3 Infix arithmetic (KKT,FJ)
\calc@Acount=\count91
\calc@Bcount=\count92
\calc@Adimen=\dimen120
\calc@Bdimen=\dimen121
\calc@Askip=\skip48
\calc@Bskip=\skip49
LaTeX Info: Redefining \setlength on input line 80.
LaTeX Info: Redefining \addtolength on input line 81.
\calc@Ccount=\count93
\calc@Cskip=\skip50
)
(/usr/local/texlive/2016/texmf-dist/tex/latex/eso-pic/eso-pic.sty
Package: eso-pic 2015/07/21 v2.0g eso-pic (RN)

(/usr/local/texlive/2016/texmf-dist/tex/generic/oberdiek/atbegshi.sty
Package: atbegshi 2016/05/16 v1.17 At begin shipout hook (HO)
)
(/usr/local/texlive/2016/texmf-dist/tex/latex/xcolor/xcolor.sty
Package: xcolor 2016/05/11 v2.12 LaTeX color extensions (UK)

(/usr/local/texlive/2016/texmf-dist/tex/latex/graphics-cfg/color.cfg
File: color.cfg 2016/01/02 v1.6 sample color configuration
)
Package xcolor Info: Driver file: pdftex.def on input line 225.
Package xcolor Info: Model `cmy' substituted by `cmy0' on input line 1348.
Package xcolor Info: Model `hsb' substituted by `rgb' on input line 1352.
Package xcolor Info: Model `RGB' extended on input line 1364.
Package xcolor Info: Model `HTML' substituted by `rgb' on input line 1366.
Package xcolor Info: Model `Hsb' substituted by `hsb' on input line 1367.
Package xcolor Info: Model `tHsb' substituted by `hsb' on input line 1368.
Package xcolor Info: Model `HSB' substituted by `hsb' on input line 1369.
Package xcolor Info: Model `Gray' substituted by `gray' on input line 1370.
Package xcolor Info: Model `wave' substituted by `hsb' on input line 1371.
))
\AM@pagewidth=\dimen122
\AM@pageheight=\dimen123

(/usr/local/texlive/2016/texmf-dist/tex/latex/pdfpages/pppdftex.def
File: pppdftex.def 2016/04/19 v0.5f Pdfpages driver for pdfTeX (AM)
)
\AM@pagebox=\box27
\AM@global@opts=\toks20
\AM@toc@title=\toks21
\c@AM@survey=\count94
\AM@templatesizebox=\box28
)
(/usr/local/texlive/2016/texmf-dist/tex/latex/cite/cite.sty
LaTeX Info: Redefining \cite on input line 302.
LaTeX Info: Redefining \nocite on input line 332.
Package: cite 2015/02/27  v 5.5
)

LaTeX Warning: Unused global option(s):
    [conference].

(./Final Research Proposal.aux

LaTeX Warning: Label `fig:eskin' multiply defined.


LaTeX Warning: Label `fig:eskin' multiply defined.


LaTeX Warning: Label `fig:eskin' multiply defined.


LaTeX Warning: Label `fig:eskin' multiply defined.


LaTeX Warning: Label `fig:eskin' multiply defined.


LaTeX Warning: Label `fig:eskin' multiply defined.


LaTeX Warning: Label `fig:eskin' multiply defined.


LaTeX Warning: Label `fig:eskin' multiply defined.


LaTeX Warning: Label `fig:eskin' multiply defined.


LaTeX Warning: Label `fig:eskin' multiply defined.


LaTeX Warning: Label `fig:eskin' multiply defined.


LaTeX Warning: Label `fig:eskin' multiply defined.


LaTeX Warning: Label `fig:Progress log' multiply defined.


LaTeX Warning: Label `fig:Progress log' multiply defined.


LaTeX Warning: Label `fig:Progress log' multiply defined.


LaTeX Warning: Label `fig:Progress log' multiply defined.


LaTeX Warning: Label `fig:eskin' multiply defined.

)
\openout1 = `"Final Research Proposal.aux"'.

LaTeX Font Info:    Checking defaults for OML/cmm/m/it on input line 39.
LaTeX Font Info:    ... okay on input line 39.
LaTeX Font Info:    Checking defaults for T1/cmr/m/n on input line 39.
LaTeX Font Info:    ... okay on input line 39.
LaTeX Font Info:    Checking defaults for OT1/cmr/m/n on input line 39.
LaTeX Font Info:    ... okay on input line 39.
LaTeX Font Info:    Checking defaults for OMS/cmsy/m/n on input line 39.
LaTeX Font Info:    ... okay on input line 39.
LaTeX Font Info:    Checking defaults for OMX/cmex/m/n on input line 39.
LaTeX Font Info:    ... okay on input line 39.
LaTeX Font Info:    Checking defaults for U/cmr/m/n on input line 39.
LaTeX Font Info:    ... okay on input line 39.
LaTeX Font Info:    Try loading font information for OT1+ptm on input line 39.
 (/usr/local/texlive/2016/texmf-dist/tex/latex/psnfss/ot1ptm.fd
File: ot1ptm.fd 2001/06/04 font definitions for OT1/ptm.
)
*geometry* driver: auto-detecting
*geometry* detected driver: pdftex
*geometry* verbose mode - [ preamble ] result:
* driver: pdftex
* paper: a4paper
* layout: <same size as paper>
* layoutoffset:(h,v)=(0.0pt,0.0pt)
* modes: 
* h-part:(L,W,R)=(63.87643pt, 469.75499pt, 63.87645pt)
* v-part:(T,H,B)=(72.26999pt, 641.39624pt, 131.38062pt)
* \paperwidth=597.50787pt
* \paperheight=845.04684pt
* \textwidth=469.75499pt
* \textheight=641.39624pt
* \oddsidemargin=-8.39355pt
* \evensidemargin=-8.39355pt
* \topmargin=0.0pt
* \headheight=0.0pt
* \headsep=0.0pt
* \topskip=10.0pt
* \footskip=0.0pt
* \marginparwidth=4.0pt
* \marginparsep=10.0pt
* \columnsep=27.10124pt
* \skip\footins=9.0pt plus 4.0pt minus 2.0pt
* \hoffset=0.0pt
* \voffset=0.0pt
* \mag=1000
* \@twocolumntrue
* \@twosidefalse
* \@mparswitchfalse
* \@reversemarginfalse
* (1in=72.27pt=25.4mm, 1cm=28.453pt)

\big@size=\dimen124
(/usr/local/texlive/2016/texmf-dist/tex/context/base/mkii/supp-pdf.mkii
[Loading MPS to PDF converter (version 2006.09.02).]
\scratchcounter=\count95
\scratchdimen=\dimen125
\scratchbox=\box29
\nofMPsegments=\count96
\nofMParguments=\count97
\everyMPshowfont=\toks22
\MPscratchCnt=\count98
\MPscratchDim=\dimen126
\MPnumerator=\count99
\makeMPintoPDFobject=\count100
\everyMPtoPDFconversion=\toks23
) (/usr/local/texlive/2016/texmf-dist/tex/generic/oberdiek/pdftexcmds.sty
Package: pdftexcmds 2016/05/10 v0.21 Utility functions of pdfTeX for LuaTeX (HO
)

(/usr/local/texlive/2016/texmf-dist/tex/generic/oberdiek/ifluatex.sty
Package: ifluatex 2016/05/16 v1.4 Provides the ifluatex switch (HO)
Package ifluatex Info: LuaTeX not detected.
)
Package pdftexcmds Info: LuaTeX not detected.
Package pdftexcmds Info: \pdf@primitive is available.
Package pdftexcmds Info: \pdf@ifprimitive is available.
Package pdftexcmds Info: \pdfdraftmode found.
)
(/usr/local/texlive/2016/texmf-dist/tex/latex/oberdiek/epstopdf-base.sty
Package: epstopdf-base 2016/05/15 v2.6 Base part for package epstopdf

(/usr/local/texlive/2016/texmf-dist/tex/latex/oberdiek/grfext.sty
Package: grfext 2016/05/16 v1.2 Manage graphics extensions (HO)

(/usr/local/texlive/2016/texmf-dist/tex/generic/oberdiek/kvdefinekeys.sty
Package: kvdefinekeys 2016/05/16 v1.4 Define keys (HO)
))
(/usr/local/texlive/2016/texmf-dist/tex/latex/oberdiek/kvoptions.sty
Package: kvoptions 2016/05/16 v3.12 Key value format for package options (HO)

(/usr/local/texlive/2016/texmf-dist/tex/generic/oberdiek/kvsetkeys.sty
Package: kvsetkeys 2016/05/16 v1.17 Key value parser (HO)

(/usr/local/texlive/2016/texmf-dist/tex/generic/oberdiek/etexcmds.sty
Package: etexcmds 2016/05/16 v1.6 Avoid name clashes with e-TeX commands (HO)
Package etexcmds Info: Could not find \expanded.
(etexcmds)             That can mean that you are not using pdfTeX 1.50 or
(etexcmds)             that some package has redefined \expanded.
(etexcmds)             In the latter case, load this package earlier.
)))
Package grfext Info: Graphics extension search list:
(grfext)             [.png,.pdf,.jpg,.mps,.jpeg,.jbig2,.jb2,.PNG,.PDF,.JPG,.JPE
G,.JBIG2,.JB2,.eps]
(grfext)             \AppendGraphicsExtensions on input line 456.

(/usr/local/texlive/2016/texmf-dist/tex/latex/latexconfig/epstopdf-sys.cfg
File: epstopdf-sys.cfg 2010/07/13 v1.3 Configuration of (r)epstopdf for TeX Liv
e
))
\AtBeginShipoutBox=\box30

(/usr/local/texlive/2016/texmf-dist/tex/latex/oberdiek/pdflscape.sty
Package: pdflscape 2016/05/14 v0.11 Display of landscape pages in PDF (HO)

(/usr/local/texlive/2016/texmf-dist/tex/latex/graphics/lscape.sty
Package: lscape 2000/10/22 v3.01 Landscape Pages (DPC)
)
Package pdflscape Info: Auto-detected driver: pdftex on input line 81.
)
<TitlePage.pdf, id=1, 597.4822pt x 845.1575pt>
File: TitlePage.pdf Graphic file (type pdf)
 <use TitlePage.pdf>
Package pdftex.def Info: TitlePage.pdf used on input line 43.
(pdftex.def)             Requested size: 597.48073pt x 845.15544pt.
File: TitlePage.pdf Graphic file (type pdf)

<use TitlePage.pdf>
Package pdftex.def Info: TitlePage.pdf used on input line 43.
(pdftex.def)             Requested size: 597.48073pt x 845.15544pt.
 <TitlePage.pdf, id=4, page=1, 597.4822pt x 845.1575pt>
File: TitlePage.pdf Graphic file (type pdf)

<use TitlePage.pdf, page 1>
Package pdftex.def Info: TitlePage.pdf, page1 used on input line 43.
(pdftex.def)             Requested size: 597.48073pt x 845.15544pt.
File: TitlePage.pdf Graphic file (type pdf)
 <use TitlePage.pdf, page 1>
Package pdftex.def Info: TitlePage.pdf, page1 used on input line 43.
(pdftex.def)             Requested size: 597.50807pt x 845.19412pt.
File: TitlePage.pdf Graphic file (type pdf)

<use TitlePage.pdf, page 1>
Package pdftex.def Info: TitlePage.pdf, page1 used on input line 43.
(pdftex.def)             Requested size: 597.50807pt x 845.19412pt.
File: TitlePage.pdf Graphic file (type pdf)
 <use TitlePage.pdf, page 1>
Package pdftex.def Info: TitlePage.pdf, page1 used on input line 43.
(pdftex.def)             Requested size: 597.50807pt x 845.19412pt.
File: TitlePage.pdf Graphic file (type pdf)

<use TitlePage.pdf, page 1>
Package pdftex.def Info: TitlePage.pdf, page1 used on input line 48.
(pdftex.def)             Requested size: 597.50807pt x 845.19412pt.
 [1


 <./TitlePage.pdf>]
LaTeX Font Info:    Font shape `OT1/ptm/bx/n' in size <10> not available
(Font)              Font shape `OT1/ptm/b/n' tried instead on input line 48.
LaTeX Font Info:    Font shape `OT1/ptm/bx/n' in size <14> not available
(Font)              Font shape `OT1/ptm/b/n' tried instead on input line 48.
LaTeX Font Info:    Font shape `OT1/ptm/bx/n' in size <17.28> not available
(Font)              Font shape `OT1/ptm/b/n' tried instead on input line 48.
LaTeX Font Info:    Try loading font information for OT1+ztmcm on input line 48
.

(/usr/local/texlive/2016/texmf-dist/tex/latex/psnfss/ot1ztmcm.fd
File: ot1ztmcm.fd 2000/01/03 Fontinst v1.801 font definitions for OT1/ztmcm.
)
LaTeX Font Info:    Try loading font information for OML+ztmcm on input line 48
.

(/usr/local/texlive/2016/texmf-dist/tex/latex/psnfss/omlztmcm.fd
File: omlztmcm.fd 2000/01/03 Fontinst v1.801 font definitions for OML/ztmcm.
)
LaTeX Font Info:    Try loading font information for OMS+ztmcm on input line 48
.

(/usr/local/texlive/2016/texmf-dist/tex/latex/psnfss/omsztmcm.fd
File: omsztmcm.fd 2000/01/03 Fontinst v1.801 font definitions for OMS/ztmcm.
)
LaTeX Font Info:    Try loading font information for OMX+ztmcm on input line 48
.

(/usr/local/texlive/2016/texmf-dist/tex/latex/psnfss/omxztmcm.fd
File: omxztmcm.fd 2000/01/03 Fontinst v1.801 font definitions for OMX/ztmcm.
)
LaTeX Font Info:    Font shape `OT1/ptm/bx/n' in size <12> not available
(Font)              Font shape `OT1/ptm/b/n' tried instead on input line 48.
LaTeX Font Info:    Font shape `OT1/ptm/bx/n' in size <9> not available
(Font)              Font shape `OT1/ptm/b/n' tried instead on input line 48.
LaTeX Font Info:    Font shape `OT1/ptm/bx/n' in size <7> not available
(Font)              Font shape `OT1/ptm/b/n' tried instead on input line 48.
LaTeX Font Info:    Try loading font information for OMS+ptm on input line 48.

(/usr/local/texlive/2016/texmf-dist/tex/latex/psnfss/omsptm.fd
File: omsptm.fd 
)
LaTeX Font Info:    Font shape `OMS/ptm/m/n' in size <9> not available
(Font)              Font shape `OMS/cmsy/m/n' tried instead on input line 48.
LaTeX Font Info:    Font shape `OT1/ptm/bx/n' in size <8> not available
(Font)              Font shape `OT1/ptm/b/n' tried instead on input line 48.
LaTeX Font Info:    Font shape `OT1/ptm/bx/n' in size <6> not available
(Font)              Font shape `OT1/ptm/b/n' tried instead on input line 48.
LaTeX Font Info:    Font shape `OT1/ptm/bx/n' in size <5> not available
(Font)              Font shape `OT1/ptm/b/n' tried instead on input line 48.
LaTeX Font Info:    Font shape `OMS/ptm/m/n' in size <6> not available
(Font)              Font shape `OMS/cmsy/m/n' tried instead on input line 48.
LaTeX Font Info:    Try loading font information for OT1+pcr on input line 48.

(/usr/local/texlive/2016/texmf-dist/tex/latex/psnfss/ot1pcr.fd
File: ot1pcr.fd 2001/06/04 font definitions for OT1/pcr.
)
Underfull \hbox (badness 10000) in paragraph at lines 48--48
[][]\OT1/ptm/m/n/8 Faculty of Mecha-tron-ics En-gi-neer-ing, Massey Uni-
 []


Underfull \hbox (badness 10000) in paragraph at lines 48--48
\OT1/ptm/m/n/8 ver-sity, Al-bany, Auck-land, New Zealand \OT1/pcr/m/n/9 Progres
s
 []


Underfull \hbox (badness 10000) in paragraph at lines 48--48
\OT1/pcr/m/n/9 of project: alex1v1a.github.io
 []

LaTeX Font Info:    Font shape `OMS/ptm/m/n' in size <10> not available
(Font)              Font shape `OMS/cmsy/m/n' tried instead on input line 78.
<images/eskin.png, id=29, 1301.86375pt x 749.80125pt>
File: images/eskin.png Graphic file (type png)
 <use images/eskin.png>
Package pdftex.def Info: images/eskin.png used on input line 88.
(pdftex.def)             Requested size: 221.32687pt x 127.46452pt.
LaTeX Font Info:    Try loading font information for OT1+phv on input line 89.

(/usr/local/texlive/2016/texmf-dist/tex/latex/psnfss/ot1phv.fd
File: ot1phv.fd 2001/06/04 scalable font definitions for OT1/phv.
)
LaTeX Font Info:    Font shape `OT1/phv/bx/n' in size <10> not available
(Font)              Font shape `OT1/phv/b/n' tried instead on input line 89.
 [2{/usr/local/texlive/2016/texmf-var/fonts/map/pdftex/updmap/pdftex.map}

 <./images/eskin.png>] <images/armmuscle.jpg, id=43, 440.64626pt x 501.875pt>
File: images/armmuscle.jpg Graphic file (type jpg)

<use images/armmuscle.jpg>
Package pdftex.def Info: images/armmuscle.jpg used on input line 99.
(pdftex.def)             Requested size: 221.32687pt x 252.07791pt.
LaTeX Font Info:    Font shape `OT1/ptm/bx/n' in size <11> not available
(Font)              Font shape `OT1/ptm/b/n' tried instead on input line 114.

<images/engineersget.jpg, id=44, 602.25pt x 361.35pt>
File: images/engineersget.jpg Graphic file (type jpg)

<use images/engineersget.jpg>
Package pdftex.def Info: images/engineersget.jpg used on input line 124.
(pdftex.def)             Requested size: 221.32687pt x 132.79866pt.

<images/Duratile.png, id=45, 432.61626pt x 348.30125pt>
File: images/Duratile.png Graphic file (type png)

<use images/Duratile.png>
Package pdftex.def Info: images/Duratile.png used on input line 151.
(pdftex.def)             Requested size: 221.32687pt x 178.18932pt.


LaTeX Warning: `!h' float specifier changed to `!ht'.


Underfull \vbox (badness 5726) has occurred while \output is active []

 [3 <./images/armmuscle.jpg> <./images/engineersget.jpg>]
<images/tactilefingertip.jpg, id=49, 301.125pt x 168.63pt>
File: images/tactilefingertip.jpg Graphic file (type jpg)

<use images/tactilefingertip.jpg>
Package pdftex.def Info: images/tactilefingertip.jpg used on input line 180.
(pdftex.def)             Requested size: 221.32687pt x 123.94798pt.

<images/Nevro-senza-system.png, id=50, 750.805pt x 715.67375pt>
File: images/Nevro-senza-system.png Graphic file (type png)

<use images/Nevro-senza-system.png>
Package pdftex.def Info: images/Nevro-senza-system.png used on input line 199.
(pdftex.def)             Requested size: 221.32687pt x 210.96904pt.
 [4 <./images/Duratile.png> <./images/tactilefingertip.jpg> <./images/Nevro-sen
za-system.png>]
<images/oric.jpg, id=56, 602.25pt x 426.59375pt>
File: images/oric.jpg Graphic file (type jpg)
 <use images/oric.jpg>
Package pdftex.def Info: images/oric.jpg used on input line 211.
(pdftex.def)             Requested size: 221.32687pt x 156.7762pt.

Underfull \hbox (badness 1975) in paragraph at lines 216--217
[]\OT1/ptm/m/n/10 In there model they demon-strate how this is
 []

<images/lukehand.jpg, id=57, 4384.38pt x 2922.92pt>
File: images/lukehand.jpg Graphic file (type jpg)
 <use images/lukehand.jpg>
Package pdftex.def Info: images/lukehand.jpg used on input line 219.
(pdftex.def)             Requested size: 221.32687pt x 147.53716pt.


LaTeX Warning: `!h' float specifier changed to `!ht'.

<images/hand2.jpg, id=58, 3923.65875pt x 2677.00125pt>
File: images/hand2.jpg Graphic file (type jpg)
 <use images/hand2.jpg>
Package pdftex.def Info: images/hand2.jpg used on input line 227.
(pdftex.def)             Requested size: 221.32687pt x 150.97308pt.

<images/bebionic3-prosthetic-hand.jpg, id=59, 771.88374pt x 474.77374pt>
File: images/bebionic3-prosthetic-hand.jpg Graphic file (type jpg)

<use images/bebionic3-prosthetic-hand.jpg>
Package pdftex.def Info: images/bebionic3-prosthetic-hand.jpg used on input lin
e 235.
(pdftex.def)             Requested size: 221.32687pt x 136.13054pt.


LaTeX Warning: `!h' float specifier changed to `!ht'.


Underfull \vbox (badness 1424) has occurred while \output is active []

 [5 <./images/oric.jpg> <./images/lukehand.jpg> <./images/hand2.jpg>]
Underfull \hbox (badness 1205) in paragraph at lines 255--256
[]\OT1/ptm/m/n/10 Intech - Pneu-matic Ar-ti-fi-cial Mus-cles (cur-rent
 []

<images/exohand.jpg, id=63, 585.18625pt x 363.3575pt>
File: images/exohand.jpg Graphic file (type jpg)
 <use images/exohand.jpg>
Package pdftex.def Info: images/exohand.jpg used on input line 268.
(pdftex.def)             Requested size: 221.32687pt x 137.42857pt.


LaTeX Warning: `!h' float specifier changed to `!ht'.

<images/accomplishment.png, id=64, 547.2947pt x 355.3275pt>
File: images/accomplishment.png Graphic file (type png)

<use images/accomplishment.png>
Package pdftex.def Info: images/accomplishment.png used on input line 292.
(pdftex.def)             Requested size: 221.32687pt x 143.69539pt.
 [6 <./images/bebionic3-prosthetic-hand.jpg> <./images/exohand.jpg> <./images/a
ccomplishment.png>]
<images/bebionic3.png, id=69, 1279.78125pt x 563.10374pt>
File: images/bebionic3.png Graphic file (type png)

<use images/bebionic3.png>
Package pdftex.def Info: images/bebionic3.png used on input line 313.
(pdftex.def)             Requested size: 221.32687pt x 97.38467pt.

<images/projectplan.png, id=70, 902.37125pt x 277.035pt>
File: images/projectplan.png Graphic file (type png)

<use images/projectplan.png>
Package pdftex.def Info: images/projectplan.png used on input line 336.
(pdftex.def)             Requested size: 221.32687pt x 67.94814pt.

<images/progresslog.png, id=71, 444.15938pt x 453.19313pt>
File: images/progresslog.png Graphic file (type png)

<use images/progresslog.png>
Package pdftex.def Info: images/progresslog.png used on input line 386.
(pdftex.def)             Requested size: 221.32687pt x 225.82841pt.

Underfull \vbox (badness 2213) has occurred while \output is active []

 [7 <./images/bebionic3.png> <./images/projectplan.png> <./images/progresslog.p
ng>]
<images/tactile1.jpg, id=79, 1284.8pt x 856.19875pt>
File: images/tactile1.jpg Graphic file (type jpg)
 <use images/tactile1.jpg>
Package pdftex.def Info: images/tactile1.jpg used on input line 405.
(pdftex.def)             Requested size: 221.32687pt x 147.48541pt.

<images/accomplishment2.jpg, id=80, 738.76pt x 398.48875pt>
File: images/accomplishment2.jpg Graphic file (type jpg)

<use images/accomplishment2.jpg>
Package pdftex.def Info: images/accomplishment2.jpg used on input line 431.
(pdftex.def)             Requested size: 221.32687pt x 119.38338pt.


LaTeX Warning: `!h' float specifier changed to `!ht'.


Underfull \vbox (badness 10000) has occurred while \output is active []


<images/tactile01.png, id=81, 677.53125pt x 582.67688pt>
File: images/tactile01.png Graphic file (type png)

<use images/tactile01.png>
Package pdftex.def Info: images/tactile01.png used on input line 453.
(pdftex.def)             Requested size: 221.32687pt x 190.33685pt.
 [8 <./images/tactile1.jpg> <./images/accomplishment2.jpg> <./images/tactile01.
png>]
<images/duratactilemicromeasure.jpg, id=86, 376.40625pt x 282.30469pt>
File: images/duratactilemicromeasure.jpg Graphic file (type jpg)

<use images/duratactilemicromeasure.jpg>
Package pdftex.def Info: images/duratactilemicromeasure.jpg used on input line 
483.
(pdftex.def)             Requested size: 221.32687pt x 165.99832pt.

<images/JohnsHopkins.png, id=87, 773.89125pt x 781.92125pt>
File: images/JohnsHopkins.png Graphic file (type png)

<use images/JohnsHopkins.png>
Package pdftex.def Info: images/JohnsHopkins.png used on input line 528.
(pdftex.def)             Requested size: 221.32687pt x 223.6254pt.
 [9 <./images/duratactilemicromeasure.jpg> <./images/JohnsHopkins.png>] (./Fina
l Research Proposal.bbl) [10]
(./Final Research Proposal.aux)

LaTeX Warning: There were multiply-defined labels.

 ) 
Here is how much of TeX's memory you used:
 4148 strings out of 493014
 61361 string characters out of 6133351
 136896 words of memory out of 5000000
 7565 multiletter control sequences out of 15000+600000
 40058 words of font info for 79 fonts, out of 8000000 for 9000
 1141 hyphenation exceptions out of 8191
 39i,18n,40p,907b,366s stack positions out of 5000i,500n,10000p,200000b,80000s
{/usr/local/texlive/2016/texmf-dist/fonts/enc/dvips/base/8r.enc}</usr/local/t
exlive/2016/texmf-dist/fonts/type1/public/amsfonts/cm/cmsy10.pfb></usr/local/te
xlive/2016/texmf-dist/fonts/type1/public/amsfonts/cm/cmsy6.pfb></usr/local/texl
ive/2016/texmf-dist/fonts/type1/public/amsfonts/cm/cmsy9.pfb></usr/local/texliv
e/2016/texmf-dist/fonts/type1/urw/courier/ucrr8a.pfb></usr/local/texlive/2016/t
exmf-dist/fonts/type1/urw/helvetic/uhvb8a.pfb></usr/local/texlive/2016/texmf-di
st/fonts/type1/urw/times/utmb8a.pfb></usr/local/texlive/2016/texmf-dist/fonts/t
ype1/urw/times/utmr8a.pfb></usr/local/texlive/2016/texmf-dist/fonts/type1/urw/t
imes/utmri8a.pfb>
Output written on "Final Research Proposal.pdf" (10 pages, 20704537 bytes).
PDF statistics:
 123 PDF objects out of 1000 (max. 8388607)
 66 compressed objects within 1 object stream
 0 named destinations out of 1000 (max. 500000)
 121 words of extra memory for PDF output out of 10000 (max. 10000000)

